eng.sentences.txt Sat Apr 1 08:17:58 PM EDT 2023	0/0	Error 10002
eng.sentences.txt Sat Apr 1 08:22:24 PM EDT 2023	50/279	~0.17921146953405017921
uum.sentences.txt Sat Apr 1 08:23:22 PM EDT 2023	54/214	~0.25233644859813084112
eng.sentences.txt Tue Apr 4 12:01:46 PM EDT 2023	50/279	~0.17921146953405017921
uum.sentences.txt Tue Apr 4 12:01:58 PM EDT 2023	80/206	~0.38834951456310679612
eng.tests.txt Thu Apr 27 10:54:10 AM EDT 2023	0/0	Error 10002
uum.tests.txt Thu Apr 27 10:54:21 AM EDT 2023	0/0	Error 10002
uum.tests.txt Thu Apr 27 10:54:34 AM EDT 2023	0/0	Error 10002
corpus.txt Thu Apr 27 10:55:30 AM EDT 2023	0/0	Error 10002
uum.tests.txt Thu Apr 27 10:58:11 AM EDT 2023	0/0	Error 10002
uum.tests.txt Thu Apr 27 10:59:25 AM EDT 2023	0/0	Error 10002
uum.tests.txt Thu Apr 27 11:00:47 AM EDT 2023	21/21	1
uum.sentences.txt Thu Apr 27 11:16:16 AM EDT 2023	130/206	~0.63106796116504854369
uum.sentences.txt Thu Apr 27 11:19:25 AM EDT 2023	130/206	~0.63106796116504854369
corpus.txt Wed May 3 03:27:26 PM EDT 2023	0/0	Error 10002
uum.sentences.txt Wed May 3 03:27:44 PM EDT 2023	0/0	Error 10002
uum.sentences.txt Wed May 3 03:27:48 PM EDT 2023	0/0	Error 10002
uum.sentences.txt Wed May 3 03:28:18 PM EDT 2023	130/206	~0.63106796116504854369
uum.sentences.txt Wed May 3 03:28:54 PM EDT 2023	155/222	~0.69819819819819819820
uum.sentences.txt Thu May 4 03:08:21 PM EDT 2023	116/150	~0.77333333333333333333
uum.narratives Thu May 4 03:08:40 PM EDT 2023	46677/187222	~0.24931364903697215071
uum.narratives Thu May 4 03:09:15 PM EDT 2023	47448/187222	~0.25343175481513924646
uum.sentences.txt Thu May 4 03:09:44 PM EDT 2023	127/150	~0.84666666666666666667
uum.sentences.txt Thu May 4 03:10:10 PM EDT 2023	197/220	~0.89545454545454545455
uum.large.txt Sat May 6 03:02:02 PM EDT 2023	0/0	Error 10002	\|	0/0	Error 10002
uum.large.txt Sat May 6 03:02:12 PM EDT 2023	0/0	Error 10002	\|	0/0	Error 10002
uum.large.txt Sat May 6 03:02:39 PM EDT 2023	0/0	Error 10002	\|	0/0	Error 10002
uum.large.txt Sat May 6 03:03:43 PM EDT 2023	0/0	Error 10002	\|	0/0	Error 10002
uum.large.txt Sat May 6 03:03:49 PM EDT 2023	0/0	Error 10002	\|	0/0	Error 10002
uum.sentences.txt Sat May 6 03:04:35 PM EDT 2023	143/150	~0.95333333333333333333
uum.large.txt Sat May 6 03:04:52 PM EDT 2023	53127/186492	~0.28487549063766810373
uum.large.txt Sat May 6 03:05:08 PM EDT 2023	53127/186492	~0.28487549063766810373
uum.large.txt Sat May 6 03:05:24 PM EDT 2023	0/0	Error 10002	\|	0/0	Error 10002
uum.large.txt Sat May 6 03:05:43 PM EDT 2023	53127/186492	~0.28487549063766810373
uum.large.txt Sat May 6 03:06:04 PM EDT 2023	172657/287426	~0.60070070209375630597
uum.large.txt Sat May 6 03:09:15 PM EDT 2023	172657/287426	~0.60070070209375630597
uum.large.txt Sat May 6 03:09:25 PM EDT 2023	53127/186492	~0.28487549063766810373
uum.longer.txt Sat May 6 05:47:30 PM EDT 2023	0/0	Error 10002	\|	0/0	Error 10002
uum.longer.txt Sat May 6 05:47:36 PM EDT 2023	0/0	Error 10002	\|	0/0	Error 10002
uum.longer.txt Sat May 6 05:47:48 PM EDT 2023	0/0	Error 10002	\|	0/0	Error 10002
uum.longer.txt Sat May 6 05:48:00 PM EDT 2023	163/170	~0.95882352941176470588
uum.large.txt Sat May 6 05:49:28 PM EDT 2023	0/0	Error 10002
uum.large.txt Sat May 6 05:49:51 PM EDT 2023	53127/186492	~0.28487549063766810373
